<?xml version="1.0" encoding="UTF-8"?>
<!-- Generated by org.testng.reporters.JUnitXMLReporter -->
<testsuite ignored="2" hostname="DESKTOP-53NOBKF" failures="2" tests="4" name="Test" time="12.444" errors="0" timestamp="2022-03-31T22:54:39 IST">
  <testcase classname="tests.LoginTest" name="login" time="10.44"/>
  <testcase classname="tests.KiteLoginTest" name="Login" time="0.06">
    <failure type="java.lang.NullPointerException" message="Cannot invoke &amp;quot;org.openqa.selenium.WebDriver.manage()&amp;quot; because &amp;quot;pages.KiteLoginPage.driver&amp;quot; is null">
      <![CDATA[java.lang.NullPointerException: Cannot invoke "org.openqa.selenium.WebDriver.manage()" because "pages.KiteLoginPage.driver" is null
at pages.KiteLoginPage.Login(KiteLoginPage.java:35)
at tests.KiteLoginTest.Login(KiteLoginTest.java:21)
at java.base/java.util.ArrayList.forEach(ArrayList.java:1511)
... Removed 27 stack frames]]>
    </failure>
  </testcase> <!-- Login -->
  <testcase classname="tests.KiteHomeTest" name="dashBoard" time="0.081"/>
  <testcase classname="tests.KiteLoginTest" name="Login" time="0.005">
    <failure type="java.lang.NullPointerException" message="Cannot invoke &amp;quot;org.openqa.selenium.WebDriver.manage()&amp;quot; because &amp;quot;pages.KiteLoginPage.driver&amp;quot; is null">
      <![CDATA[java.lang.NullPointerException: Cannot invoke "org.openqa.selenium.WebDriver.manage()" because "pages.KiteLoginPage.driver" is null
at pages.KiteLoginPage.Login(KiteLoginPage.java:35)
at tests.KiteLoginTest.Login(KiteLoginTest.java:21)
at java.base/java.util.ArrayList.forEach(ArrayList.java:1511)
... Removed 27 stack frames]]>
    </failure>
  </testcase> <!-- Login -->
  <testcase classname="tests.KiteLoginTest" name="@AfterSuite teardown" time="0.0">
    <ignored/>
  </testcase> <!-- @AfterSuite teardown -->
  <testcase classname="tests.KiteBase" name="@BeforeSuite Init" time="0.0">
    <ignored/>
  </testcase> <!-- @BeforeSuite Init -->
</testsuite> <!-- Test -->
