<?xml version="1.0" encoding="UTF-8"?>
<testng-results ignored="0" total="1" passed="1" failed="0" skipped="0">
  <reporter-output>
  </reporter-output>
  <suite started-at="2022-03-30T20:31:49 IST" name="Default suite" finished-at="2022-03-30T20:31:53 IST" duration-ms="4237">
    <groups>
    </groups>
    <test started-at="2022-03-30T20:31:49 IST" name="Default test" finished-at="2022-03-30T20:31:53 IST" duration-ms="4237">
      <class name="tests.LoginTest">
        <test-method is-config="true" signature="inialization()[pri:0, instance:tests.LoginTest@27462a88]" started-at="2022-03-30T20:31:40 IST" name="inialization" finished-at="2022-03-30T20:31:49 IST" duration-ms="8381" status="PASS">
          <reporter-output>
          </reporter-output>
        </test-method> <!-- inialization -->
        <test-method signature="login()[pri:0, instance:tests.LoginTest@27462a88]" started-at="2022-03-30T20:31:49 IST" name="login" finished-at="2022-03-30T20:31:53 IST" duration-ms="4176" status="PASS">
          <reporter-output>
          </reporter-output>
        </test-method> <!-- login -->
        <test-method is-config="true" signature="tearDown()[pri:0, instance:tests.LoginTest@27462a88]" started-at="2022-03-30T20:31:53 IST" name="tearDown" finished-at="2022-03-30T20:31:53 IST" duration-ms="351" status="PASS">
          <reporter-output>
          </reporter-output>
        </test-method> <!-- tearDown -->
      </class> <!-- tests.LoginTest -->
    </test> <!-- Default test -->
  </suite> <!-- Default suite -->
</testng-results>
